time=2026-03-25T09:08:28.444+05:00 level=INFO source=/home/koha90/projects/shopcore/internal/app/runtime/telegram/runner.go:74 msg="telegram runtime started" bot_id=shop-main name="Shop Main"
time=2026-03-25T09:08:28.482+05:00 level=INFO source=/home/koha90/projects/shopcore/internal/app/runtime/telegram/runner.go:74 msg="telegram runtime started" bot_id=slow-bot name="Slow Bot"
time=2026-03-25T09:10:18.809+05:00 level=INFO source=/home/koha90/projects/shopcore/internal/app/runtime/telegram/runner.go:74 msg="telegram runtime started" bot_id=slow-bot name="Slow Bot"
time=2026-03-25T09:10:18.866+05:00 level=INFO source=/home/koha90/projects/shopcore/internal/app/runtime/telegram/runner.go:74 msg="telegram runtime started" bot_id=shop-main name="Shop Main"
time=2026-03-25T11:09:10.046+05:00 level=INFO source=/home/koha90/projects/shopcore/internal/app/runtime/telegram/runner.go:74 msg="telegram runtime started" bot_id=slow-bot name="Slow Bot"
time=2026-03-25T11:09:10.131+05:00 level=INFO source=/home/koha90/projects/shopcore/internal/app/runtime/telegram/runner.go:74 msg="telegram runtime started" bot_id=shop-main name="Shop Main"
time=2026-03-25T11:13:29.779+05:00 level=INFO source=/home/koha90/projects/shopcore/internal/app/runtime/telegram/runner.go:74 msg="telegram runtime started" bot_id=shop-main name="Shop Main"
time=2026-03-25T11:13:29.886+05:00 level=INFO source=/home/koha90/projects/shopcore/internal/app/runtime/telegram/runner.go:74 msg="telegram runtime started" bot_id=slow-bot name="Slow Bot"
time=2026-03-25T11:14:01.990+05:00 level=INFO source=/home/koha90/projects/shopcore/internal/app/runtime/telegram/runner.go:82 msg="telegram runtime stopped" bot_id=slow-bot name="Slow Bot"
time=2026-03-25T11:14:59.520+05:00 level=INFO source=/home/koha90/projects/shopcore/internal/app/runtime/telegram/runner.go:74 msg="telegram runtime started" bot_id=shop-main name="Shop Main"
time=2026-03-25T11:14:59.621+05:00 level=INFO source=/home/koha90/projects/shopcore/internal/app/runtime/telegram/runner.go:74 msg="telegram runtime started" bot_id=slow-bot name="Slow Bot"
time=2026-03-25T11:15:06.381+05:00 level=INFO source=/home/koha90/projects/shopcore/internal/app/runtime/telegram/runner.go:82 msg="telegram runtime stopped" bot_id=slow-bot name="Slow Bot"
time=2026-03-25T11:25:34.129+05:00 level=ERROR source=/home/koha90/projects/shopcore/internal/app/runtime/telegram/handlers.go:49 msg="telegram runtime error" bot_id=shop-main err="error get updates, error do request for method getUpdates, Post \"https://api.telegram.org/bot***/getUpdates\": unexpected EOF"
time=2026-03-25T11:34:43.331+05:00 level=INFO source=/home/koha90/projects/shopcore/internal/app/runtime/telegram/runner.go:74 msg="telegram runtime started" bot_id=slow-bot name="Slow Bot"
time=2026-03-25T11:34:43.411+05:00 level=INFO source=/home/koha90/projects/shopcore/internal/app/runtime/telegram/runner.go:74 msg="telegram runtime started" bot_id=shop-main name="Shop Main"
time=2026-03-25T12:20:42.583+05:00 level=INFO source=/home/koha90/projects/shopcore/internal/app/runtime/telegram/runner.go:74 msg="telegram runtime started" bot_id=shop-main name="Shop Main"
time=2026-03-25T12:34:35.674+05:00 level=INFO source=/home/koha90/projects/shopcore/internal/app/runtime/telegram/runner.go:74 msg="telegram runtime started" bot_id=slow-bot name="Slow Bot"
time=2026-03-25T12:34:35.796+05:00 level=INFO source=/home/koha90/projects/shopcore/internal/app/runtime/telegram/runner.go:74 msg="telegram runtime started" bot_id=shop-main name="Shop Main"
time=2026-03-25T12:40:05.503+05:00 level=INFO source=/home/koha90/projects/shopcore/internal/app/runtime/telegram/runner.go:74 msg="telegram runtime started" bot_id=shop-main name="Shop Main"
time=2026-03-25T12:40:05.637+05:00 level=INFO source=/home/koha90/projects/shopcore/internal/app/runtime/telegram/runner.go:74 msg="telegram runtime started" bot_id=slow-bot name="Slow Bot"
time=2026-03-25T12:51:39.892+05:00 level=ERROR source=/home/koha90/projects/shopcore/internal/app/runtime/telegram/handlers.go:49 msg="telegram runtime error" bot_id=shop-main err="error get updates, error do request for method getUpdates, Post \"https://api.telegram.org/bot***/getUpdates\": unexpected EOF"
time=2026-03-25T12:51:39.892+05:00 level=ERROR source=/home/koha90/projects/shopcore/internal/app/runtime/telegram/handlers.go:49 msg="telegram runtime error" bot_id=slow-bot err="error get updates, error do request for method getUpdates, Post \"https://api.telegram.org/bot***/getUpdates\": unexpected EOF"
time=2026-03-25T13:35:50.165+05:00 level=INFO source=/home/koha90/projects/shopcore/internal/app/runtime/telegram/runner.go:74 msg="telegram runtime started" bot_id=shop-main name="Shop Main"
time=2026-03-25T13:35:50.275+05:00 level=INFO source=/home/koha90/projects/shopcore/internal/app/runtime/telegram/runner.go:74 msg="telegram runtime started" bot_id=slow-bot name="Slow Bot"
time=2026-03-25T13:36:11.527+05:00 level=INFO source=/home/koha90/projects/shopcore/internal/app/runtime/telegram/runner.go:74 msg="telegram runtime started" bot_id=slow-bot name="Slow Bot"
time=2026-03-25T13:36:11.586+05:00 level=INFO source=/home/koha90/projects/shopcore/internal/app/runtime/telegram/runner.go:74 msg="telegram runtime started" bot_id=shop-main name="Shop Main"
time=2026-03-25T13:36:34.435+05:00 level=INFO source=/home/koha90/projects/shopcore/internal/app/runtime/telegram/runner.go:74 msg="telegram runtime started" bot_id=slow-bot name="Slow Bot"
time=2026-03-25T13:36:34.501+05:00 level=INFO source=/home/koha90/projects/shopcore/internal/app/runtime/telegram/runner.go:74 msg="telegram runtime started" bot_id=shop-main name="Shop Main"
